<?xml version="1.0" encoding="UTF-8"?>
<!-- Generated by org.testng.reporters.JUnitReportReporter -->
<testsuite skipped="0" hostname="DESKTOP-R3RAE89" name="com.w2a.testcases.DepositeTest" tests="1" failures="0" timestamp="18 Aug 2021 18:06:57 GMT" time="2.181" errors="0">
  <testcase name="makeDeposite" time="2.181" classname="com.w2a.testcases.DepositeTest"/>
</testsuite> <!-- com.w2a.testcases.DepositeTest -->
